2017-12-01 10:49:35,630 INFO o.a.j.u.JMeterUtils: Setting Locale to en_US
2017-12-01 10:49:35,642 INFO o.a.j.JMeter: Loading user properties from: /usr/local/Cellar/jmeter/3.3/libexec/bin/user.properties
2017-12-01 10:49:35,642 INFO o.a.j.JMeter: Loading system properties from: /usr/local/Cellar/jmeter/3.3/libexec/bin/system.properties
2017-12-01 10:49:35,648 INFO o.a.j.JMeter: Copyright (c) 1998-2017 The Apache Software Foundation
2017-12-01 10:49:35,648 INFO o.a.j.JMeter: Version 3.3 r1808647
2017-12-01 10:49:35,648 INFO o.a.j.JMeter: java.version=1.8.0_121
2017-12-01 10:49:35,648 INFO o.a.j.JMeter: java.vm.name=Java HotSpot(TM) 64-Bit Server VM
2017-12-01 10:49:35,648 INFO o.a.j.JMeter: os.name=Mac OS X
2017-12-01 10:49:35,648 INFO o.a.j.JMeter: os.arch=x86_64
2017-12-01 10:49:35,648 INFO o.a.j.JMeter: os.version=10.12.2
2017-12-01 10:49:35,648 INFO o.a.j.JMeter: file.encoding=UTF-8
2017-12-01 10:49:35,648 INFO o.a.j.JMeter: Max memory     =536870912
2017-12-01 10:49:35,648 INFO o.a.j.JMeter: Available Processors =8
2017-12-01 10:49:35,653 INFO o.a.j.JMeter: Default Locale=English (United States)
2017-12-01 10:49:35,654 INFO o.a.j.JMeter: JMeter  Locale=English (United States)
2017-12-01 10:49:35,654 INFO o.a.j.JMeter: JMeterHome=/usr/local/Cellar/jmeter/3.3/libexec
2017-12-01 10:49:35,654 INFO o.a.j.JMeter: user.dir  =/Users/gnc6/Documents/linux_kt
2017-12-01 10:49:35,654 INFO o.a.j.JMeter: PWD       =/Users/gnc6/Documents/linux_kt
2017-12-01 10:49:35,658 INFO o.a.j.JMeter: IP: 172.29.198.76 Name: INMACP482G.local FullName: 172.29.198.76
2017-12-01 10:49:38,315 INFO o.a.j.g.a.LookAndFeelCommand: Using look and feel: com.apple.laf.AquaLookAndFeel [Mac OS X, System]
2017-12-01 10:49:38,319 INFO o.a.j.JMeter: Loaded icon properties from org/apache/jmeter/images/icon.properties
2017-12-01 10:49:38,776 INFO o.a.j.e.u.CompoundVariable: Note: Function class names must contain the string: '.functions.'
2017-12-01 10:49:38,776 INFO o.a.j.e.u.CompoundVariable: Note: Function class names must not contain the string: '.gui.'
2017-12-01 10:49:39,459 INFO o.a.j.g.u.MenuFactory: Skipping org.apache.jmeter.assertions.BSFAssertion
2017-12-01 10:49:39,945 INFO o.a.j.g.u.MenuFactory: Skipping org.apache.jmeter.extractor.BSFPostProcessor
2017-12-01 10:49:39,973 INFO o.a.j.g.u.MenuFactory: Skipping org.apache.jmeter.modifiers.BSFPreProcessor
2017-12-01 10:49:39,998 INFO o.a.j.p.h.s.HTTPSamplerBase: Parser for text/html is org.apache.jmeter.protocol.http.parser.LagartoBasedHtmlParser
2017-12-01 10:49:39,998 INFO o.a.j.p.h.s.HTTPSamplerBase: Parser for application/xhtml+xml is org.apache.jmeter.protocol.http.parser.LagartoBasedHtmlParser
2017-12-01 10:49:39,998 INFO o.a.j.p.h.s.HTTPSamplerBase: Parser for application/xml is org.apache.jmeter.protocol.http.parser.LagartoBasedHtmlParser
2017-12-01 10:49:39,998 INFO o.a.j.p.h.s.HTTPSamplerBase: Parser for text/xml is org.apache.jmeter.protocol.http.parser.LagartoBasedHtmlParser
2017-12-01 10:49:39,998 INFO o.a.j.p.h.s.HTTPSamplerBase: Parser for text/vnd.wap.wml is org.apache.jmeter.protocol.http.parser.RegexpHTMLParser
2017-12-01 10:49:39,999 INFO o.a.j.p.h.s.HTTPSamplerBase: Parser for text/css is org.apache.jmeter.protocol.http.parser.CssParser
2017-12-01 10:49:40,407 INFO o.a.j.e.KeyToolUtils: keytool found at 'keytool'
2017-12-01 10:49:40,407 INFO o.a.j.p.h.p.ProxyControl: HTTP(S) Test Script Recorder SSL Proxy will use keys that support embedded 3rd party resources in file /usr/local/Cellar/jmeter/3.3/libexec/bin/proxyserver.jks
2017-12-01 10:49:40,521 INFO o.a.j.g.u.MenuFactory: Skipping org.apache.jmeter.protocol.java.sampler.BSFSampler
2017-12-01 10:49:40,552 INFO o.a.j.s.FileServer: Default base='/Users/gnc6/Documents/linux_kt'
2017-12-01 10:49:40,615 INFO o.a.j.g.u.MenuFactory: Skipping org.apache.jmeter.protocol.mongodb.config.MongoSourceElement
2017-12-01 10:49:40,615 INFO o.a.j.g.u.MenuFactory: Skipping org.apache.jmeter.protocol.mongodb.sampler.MongoScriptSampler
2017-12-01 10:49:40,713 INFO o.a.j.g.u.MenuFactory: Skipping org.apache.jmeter.timers.BSFTimer
2017-12-01 10:49:40,734 INFO o.a.j.g.u.MenuFactory: Skipping org.apache.jmeter.visualizers.BSFListener
2017-12-01 10:49:40,841 INFO o.a.j.s.SampleResult: Note: Sample TimeStamps are START times
2017-12-01 10:49:40,841 INFO o.a.j.s.SampleResult: sampleresult.default.encoding is set to ISO-8859-1
2017-12-01 10:49:40,841 INFO o.a.j.s.SampleResult: sampleresult.useNanoTime=true
2017-12-01 10:49:40,842 INFO o.a.j.s.SampleResult: sampleresult.nanoThreadSleep=5000
2017-12-01 10:50:09,744 INFO o.a.j.g.a.Load: Loading file: /Users/gnc6/Documents/control_tower_local/load_test/scripts/script_10min_csv_data.jmx
2017-12-01 10:50:09,744 INFO o.a.j.s.FileServer: Set new base='/Users/gnc6/Documents/control_tower_local/load_test/scripts'
2017-12-01 10:50:09,879 INFO o.a.j.s.SaveService: Testplan (JMX) version: 2.2. Testlog (JTL) version: 2.2
2017-12-01 10:50:09,897 INFO o.a.j.s.SaveService: Using SaveService properties file encoding UTF-8
2017-12-01 10:50:09,898 INFO o.a.j.s.SaveService: Using SaveService properties version 3.2
2017-12-01 10:50:09,901 INFO o.a.j.s.SaveService: Loading file: /Users/gnc6/Documents/control_tower_local/load_test/scripts/script_10min_csv_data.jmx
2017-12-01 10:50:10,022 INFO o.a.j.s.FileServer: Set new base='/Users/gnc6/Documents/control_tower_local/load_test/scripts'
2017-12-01 10:50:57,739 INFO o.a.j.s.SampleEvent: List of sample_variables: []
2017-12-01 11:04:46,687 INFO o.a.j.s.FileServer: Set new base='/Users/gnc6/Documents/control_tower_local/load_test/scripts'
2017-12-01 11:06:32,331 INFO o.a.j.s.FileServer: Set new base='/Users/gnc6/Documents/control_tower_local/load_test/scripts'
2017-12-01 11:10:27,825 INFO o.a.j.s.FileServer: Set new base='/Users/gnc6/Documents/control_tower_local/load_test/scripts'
2017-12-01 11:11:12,372 INFO o.a.j.s.FileServer: Set new base='/Users/gnc6/Documents/control_tower_local/load_test/scripts'
2017-12-01 11:12:33,162 INFO o.a.j.e.StandardJMeterEngine: Running the test!
2017-12-01 11:12:33,163 INFO o.a.j.s.SampleEvent: List of sample_variables: []
2017-12-01 11:12:33,168 INFO o.a.j.g.u.JMeterMenuBar: setRunning(true, *local*)
2017-12-01 11:12:33,307 INFO o.a.j.e.StandardJMeterEngine: Starting ThreadGroup: 1 : Thread Group
2017-12-01 11:12:33,307 INFO o.a.j.e.StandardJMeterEngine: Starting 50 threads for group Thread Group.
2017-12-01 11:12:33,307 INFO o.a.j.e.StandardJMeterEngine: Thread will continue on error
2017-12-01 11:12:33,308 INFO o.a.j.t.ThreadGroup: Starting thread group... number=1 threads=50 ramp-up=10 perThread=200.0 delayedStart=false
2017-12-01 11:12:33,320 INFO o.a.j.t.JMeterThread: Thread started: Thread Group 1-1
2017-12-01 11:12:33,323 INFO o.a.j.s.FileServer: Stored: /Users/gnc6/Documents/control_tower_local/load_test/csv_files/csv_data.xlsx
2017-12-01 11:12:33,333 INFO o.a.j.t.ThreadGroup: Started thread group number 1
2017-12-01 11:12:33,334 INFO o.a.j.e.StandardJMeterEngine: All thread groups have been started
2017-12-01 11:12:33,340 INFO o.a.j.p.h.s.HTTPHCAbstractImpl: Local host = INMACP482G.local
2017-12-01 11:12:33,344 INFO o.a.j.p.h.s.HTTPHC4Impl: HTTP request retry count = 0
2017-12-01 11:12:33,521 INFO o.a.j.t.JMeterThread: Thread started: Thread Group 1-2
2017-12-01 11:12:33,721 INFO o.a.j.t.JMeterThread: Thread started: Thread Group 1-3
2017-12-01 11:12:33,922 INFO o.a.j.t.JMeterThread: Thread started: Thread Group 1-4
2017-12-01 11:12:34,095 INFO o.a.j.g.a.Start: Shutting test down
2017-12-01 11:12:34,108 INFO o.a.j.t.JMeterThread: Stopping: Thread Group 1-19
2017-12-01 11:12:34,108 INFO o.a.j.t.JMeterThread: Stopping: Thread Group 1-44
2017-12-01 11:12:34,108 INFO o.a.j.t.JMeterThread: Stopping: Thread Group 1-37
2017-12-01 11:12:34,108 INFO o.a.j.t.JMeterThread: Stopping: Thread Group 1-21
2017-12-01 11:12:34,108 INFO o.a.j.t.JMeterThread: Stopping: Thread Group 1-13
2017-12-01 11:12:34,108 INFO o.a.j.t.JMeterThread: Stopping: Thread Group 1-14
2017-12-01 11:12:34,109 INFO o.a.j.t.JMeterThread: Stopping: Thread Group 1-22
2017-12-01 11:12:34,109 INFO o.a.j.t.JMeterThread: Stopping: Thread Group 1-17
2017-12-01 11:12:34,109 INFO o.a.j.t.JMeterThread: Stopping: Thread Group 1-47
2017-12-01 11:12:34,109 INFO o.a.j.t.JMeterThread: Stopping: Thread Group 1-32
2017-12-01 11:12:34,109 INFO o.a.j.t.JMeterThread: Stopping: Thread Group 1-42
2017-12-01 11:12:34,109 INFO o.a.j.t.JMeterThread: Stopping: Thread Group 1-12
2017-12-01 11:12:34,109 INFO o.a.j.t.JMeterThread: Stopping: Thread Group 1-45
2017-12-01 11:12:34,109 INFO o.a.j.t.JMeterThread: Stopping: Thread Group 1-49
2017-12-01 11:12:34,109 INFO o.a.j.t.JMeterThread: Stopping: Thread Group 1-31
2017-12-01 11:12:34,109 INFO o.a.j.t.JMeterThread: Stopping: Thread Group 1-18
2017-12-01 11:12:34,109 INFO o.a.j.t.JMeterThread: Stopping: Thread Group 1-7
2017-12-01 11:12:34,109 INFO o.a.j.t.JMeterThread: Stopping: Thread Group 1-39
2017-12-01 11:12:34,109 INFO o.a.j.t.JMeterThread: Stopping: Thread Group 1-15
2017-12-01 11:12:34,109 INFO o.a.j.t.JMeterThread: Stopping: Thread Group 1-3
2017-12-01 11:12:34,109 INFO o.a.j.t.JMeterThread: Stopping: Thread Group 1-23
2017-12-01 11:12:34,109 INFO o.a.j.t.JMeterThread: Stopping: Thread Group 1-50
2017-12-01 11:12:34,109 INFO o.a.j.t.JMeterThread: Stopping: Thread Group 1-11
2017-12-01 11:12:34,109 INFO o.a.j.t.JMeterThread: Stopping: Thread Group 1-40
2017-12-01 11:12:34,109 INFO o.a.j.t.JMeterThread: Stopping: Thread Group 1-34
2017-12-01 11:12:34,109 INFO o.a.j.t.JMeterThread: Stopping: Thread Group 1-8
2017-12-01 11:12:34,109 INFO o.a.j.t.JMeterThread: Stopping: Thread Group 1-27
2017-12-01 11:12:34,109 INFO o.a.j.t.JMeterThread: Stopping: Thread Group 1-6
2017-12-01 11:12:34,110 INFO o.a.j.t.JMeterThread: Stopping: Thread Group 1-29
2017-12-01 11:12:34,110 INFO o.a.j.t.JMeterThread: Stopping: Thread Group 1-28
2017-12-01 11:12:34,110 INFO o.a.j.t.JMeterThread: Stopping: Thread Group 1-48
2017-12-01 11:12:34,110 INFO o.a.j.t.JMeterThread: Stopping: Thread Group 1-25
2017-12-01 11:12:34,110 INFO o.a.j.t.JMeterThread: Stopping: Thread Group 1-24
2017-12-01 11:12:34,110 INFO o.a.j.t.JMeterThread: Stopping: Thread Group 1-43
2017-12-01 11:12:34,110 INFO o.a.j.t.JMeterThread: Stopping: Thread Group 1-2
2017-12-01 11:12:34,110 INFO o.a.j.t.JMeterThread: Stopping: Thread Group 1-9
2017-12-01 11:12:34,110 INFO o.a.j.t.JMeterThread: Stopping: Thread Group 1-36
2017-12-01 11:12:34,110 INFO o.a.j.t.JMeterThread: Stopping: Thread Group 1-16
2017-12-01 11:12:34,110 INFO o.a.j.t.JMeterThread: Stopping: Thread Group 1-30
2017-12-01 11:12:34,110 INFO o.a.j.t.JMeterThread: Stopping: Thread Group 1-33
2017-12-01 11:12:34,110 INFO o.a.j.t.JMeterThread: Stopping: Thread Group 1-1
2017-12-01 11:12:34,110 INFO o.a.j.t.JMeterThread: Stopping: Thread Group 1-46
2017-12-01 11:12:34,110 INFO o.a.j.t.JMeterThread: Stopping: Thread Group 1-4
2017-12-01 11:12:34,110 INFO o.a.j.t.JMeterThread: Stopping: Thread Group 1-35
2017-12-01 11:12:34,110 INFO o.a.j.t.JMeterThread: Stopping: Thread Group 1-20
2017-12-01 11:12:34,110 INFO o.a.j.t.JMeterThread: Stopping: Thread Group 1-5
2017-12-01 11:12:34,110 INFO o.a.j.t.JMeterThread: Stopping: Thread Group 1-10
2017-12-01 11:12:34,111 INFO o.a.j.t.JMeterThread: Stopping: Thread Group 1-38
2017-12-01 11:12:34,111 INFO o.a.j.t.JMeterThread: Stopping: Thread Group 1-41
2017-12-01 11:12:34,111 INFO o.a.j.t.JMeterThread: Stopping: Thread Group 1-26
2017-12-01 11:12:34,121 INFO o.a.j.t.JMeterThread: Thread started: Thread Group 1-5
2017-12-01 11:12:34,122 INFO o.a.j.t.JMeterThread: Thread finished: Thread Group 1-5
2017-12-01 11:12:34,176 INFO o.a.j.t.JMeterThread: Thread finished: Thread Group 1-4
2017-12-01 11:12:34,183 INFO o.a.j.t.JMeterThread: Thread finished: Thread Group 1-1
2017-12-01 11:12:34,206 INFO o.a.j.t.JMeterThread: Thread finished: Thread Group 1-3
2017-12-01 11:12:34,213 INFO o.a.j.t.JMeterThread: Thread finished: Thread Group 1-2
2017-12-01 11:12:34,322 INFO o.a.j.t.JMeterThread: Thread started: Thread Group 1-7
2017-12-01 11:12:34,322 INFO o.a.j.t.JMeterThread: Thread started: Thread Group 1-9
2017-12-01 11:12:34,322 INFO o.a.j.t.JMeterThread: Thread started: Thread Group 1-11
2017-12-01 11:12:34,323 INFO o.a.j.t.JMeterThread: Thread started: Thread Group 1-13
2017-12-01 11:12:34,323 INFO o.a.j.t.JMeterThread: Thread started: Thread Group 1-14
2017-12-01 11:12:34,322 INFO o.a.j.t.JMeterThread: Thread started: Thread Group 1-10
2017-12-01 11:12:34,323 INFO o.a.j.t.JMeterThread: Thread finished: Thread Group 1-9
2017-12-01 11:12:34,323 INFO o.a.j.t.JMeterThread: Thread finished: Thread Group 1-7
2017-12-01 11:12:34,322 INFO o.a.j.t.JMeterThread: Thread started: Thread Group 1-8
2017-12-01 11:12:34,323 INFO o.a.j.t.JMeterThread: Thread started: Thread Group 1-15
2017-12-01 11:12:34,323 INFO o.a.j.t.JMeterThread: Thread finished: Thread Group 1-11
2017-12-01 11:12:34,322 INFO o.a.j.t.JMeterThread: Thread started: Thread Group 1-6
2017-12-01 11:12:34,323 INFO o.a.j.t.JMeterThread: Thread finished: Thread Group 1-8
2017-12-01 11:12:34,323 INFO o.a.j.t.JMeterThread: Thread finished: Thread Group 1-15
2017-12-01 11:12:34,323 INFO o.a.j.t.JMeterThread: Thread started: Thread Group 1-12
2017-12-01 11:12:34,323 INFO o.a.j.t.JMeterThread: Thread finished: Thread Group 1-10
2017-12-01 11:12:34,323 INFO o.a.j.t.JMeterThread: Thread finished: Thread Group 1-14
2017-12-01 11:12:34,323 INFO o.a.j.t.JMeterThread: Thread finished: Thread Group 1-6
2017-12-01 11:12:34,325 INFO o.a.j.t.JMeterThread: Thread finished: Thread Group 1-12
2017-12-01 11:12:34,325 INFO o.a.j.t.JMeterThread: Thread finished: Thread Group 1-13
2017-12-01 11:12:34,325 INFO o.a.j.t.JMeterThread: Thread started: Thread Group 1-17
2017-12-01 11:12:34,325 INFO o.a.j.t.JMeterThread: Thread started: Thread Group 1-19
2017-12-01 11:12:34,325 INFO o.a.j.t.JMeterThread: Thread started: Thread Group 1-23
2017-12-01 11:12:34,324 INFO o.a.j.t.JMeterThread: Thread started: Thread Group 1-16
2017-12-01 11:12:34,325 INFO o.a.j.t.JMeterThread: Thread started: Thread Group 1-18
2017-12-01 11:12:34,326 INFO o.a.j.t.JMeterThread: Thread started: Thread Group 1-22
2017-12-01 11:12:34,325 INFO o.a.j.t.JMeterThread: Thread started: Thread Group 1-21
2017-12-01 11:12:34,326 INFO o.a.j.t.JMeterThread: Thread finished: Thread Group 1-17
2017-12-01 11:12:34,326 INFO o.a.j.t.JMeterThread: Thread finished: Thread Group 1-19
2017-12-01 11:12:34,326 INFO o.a.j.t.JMeterThread: Thread started: Thread Group 1-25
2017-12-01 11:12:34,326 INFO o.a.j.t.JMeterThread: Thread started: Thread Group 1-27
2017-12-01 11:12:34,326 INFO o.a.j.t.JMeterThread: Thread finished: Thread Group 1-21
2017-12-01 11:12:34,327 INFO o.a.j.t.JMeterThread: Thread started: Thread Group 1-30
2017-12-01 11:12:34,327 INFO o.a.j.t.JMeterThread: Thread finished: Thread Group 1-18
2017-12-01 11:12:34,327 INFO o.a.j.t.JMeterThread: Thread finished: Thread Group 1-27
2017-12-01 11:12:34,325 INFO o.a.j.t.JMeterThread: Thread started: Thread Group 1-20
2017-12-01 11:12:34,327 INFO o.a.j.t.JMeterThread: Thread finished: Thread Group 1-22
2017-12-01 11:12:34,327 INFO o.a.j.t.JMeterThread: Thread finished: Thread Group 1-30
2017-12-01 11:12:34,327 INFO o.a.j.t.JMeterThread: Thread started: Thread Group 1-31
2017-12-01 11:12:34,327 INFO o.a.j.t.JMeterThread: Thread started: Thread Group 1-29
2017-12-01 11:12:34,326 INFO o.a.j.t.JMeterThread: Thread started: Thread Group 1-26
2017-12-01 11:12:34,327 INFO o.a.j.t.JMeterThread: Thread finished: Thread Group 1-23
2017-12-01 11:12:34,326 INFO o.a.j.t.JMeterThread: Thread finished: Thread Group 1-16
2017-12-01 11:12:34,326 INFO o.a.j.t.JMeterThread: Thread started: Thread Group 1-24
2017-12-01 11:12:34,327 INFO o.a.j.t.JMeterThread: Thread finished: Thread Group 1-20
2017-12-01 11:12:34,327 INFO o.a.j.t.JMeterThread: Thread started: Thread Group 1-32
2017-12-01 11:12:34,327 INFO o.a.j.t.JMeterThread: Thread started: Thread Group 1-28
2017-12-01 11:12:34,328 INFO o.a.j.t.JMeterThread: Thread finished: Thread Group 1-26
2017-12-01 11:12:34,327 INFO o.a.j.t.JMeterThread: Thread finished: Thread Group 1-25
2017-12-01 11:12:34,328 INFO o.a.j.t.JMeterThread: Thread started: Thread Group 1-33
2017-12-01 11:12:34,328 INFO o.a.j.t.JMeterThread: Thread finished: Thread Group 1-24
2017-12-01 11:12:34,328 INFO o.a.j.t.JMeterThread: Thread finished: Thread Group 1-29
2017-12-01 11:12:34,328 INFO o.a.j.t.JMeterThread: Thread finished: Thread Group 1-32
2017-12-01 11:12:34,328 INFO o.a.j.t.JMeterThread: Thread finished: Thread Group 1-31
2017-12-01 11:12:34,328 INFO o.a.j.t.JMeterThread: Thread finished: Thread Group 1-33
2017-12-01 11:12:34,328 INFO o.a.j.t.JMeterThread: Thread finished: Thread Group 1-28
2017-12-01 11:12:34,328 INFO o.a.j.t.JMeterThread: Thread started: Thread Group 1-34
2017-12-01 11:12:34,328 INFO o.a.j.t.JMeterThread: Thread finished: Thread Group 1-34
2017-12-01 11:12:34,333 INFO o.a.j.t.JMeterThread: Thread started: Thread Group 1-40
2017-12-01 11:12:34,333 INFO o.a.j.t.JMeterThread: Thread started: Thread Group 1-37
2017-12-01 11:12:34,332 INFO o.a.j.t.JMeterThread: Thread started: Thread Group 1-38
2017-12-01 11:12:34,332 INFO o.a.j.t.JMeterThread: Thread started: Thread Group 1-35
2017-12-01 11:12:34,332 INFO o.a.j.t.JMeterThread: Thread started: Thread Group 1-41
2017-12-01 11:12:34,332 INFO o.a.j.t.JMeterThread: Thread started: Thread Group 1-42
2017-12-01 11:12:34,334 INFO o.a.j.t.JMeterThread: Thread finished: Thread Group 1-37
2017-12-01 11:12:34,334 INFO o.a.j.t.JMeterThread: Thread finished: Thread Group 1-40
2017-12-01 11:12:34,332 INFO o.a.j.t.JMeterThread: Thread started: Thread Group 1-39
2017-12-01 11:12:34,334 INFO o.a.j.t.JMeterThread: Thread finished: Thread Group 1-38
2017-12-01 11:12:34,334 INFO o.a.j.t.JMeterThread: Thread finished: Thread Group 1-35
2017-12-01 11:12:34,334 INFO o.a.j.t.JMeterThread: Thread finished: Thread Group 1-41
2017-12-01 11:12:34,332 INFO o.a.j.t.JMeterThread: Thread started: Thread Group 1-36
2017-12-01 11:12:34,334 INFO o.a.j.t.JMeterThread: Thread finished: Thread Group 1-42
2017-12-01 11:12:34,334 INFO o.a.j.t.JMeterThread: Thread finished: Thread Group 1-39
2017-12-01 11:12:34,334 INFO o.a.j.t.JMeterThread: Thread finished: Thread Group 1-36
2017-12-01 11:12:34,336 INFO o.a.j.t.JMeterThread: Thread started: Thread Group 1-46
2017-12-01 11:12:34,336 INFO o.a.j.t.JMeterThread: Thread started: Thread Group 1-47
2017-12-01 11:12:34,336 INFO o.a.j.t.JMeterThread: Thread started: Thread Group 1-44
2017-12-01 11:12:34,336 INFO o.a.j.t.JMeterThread: Thread started: Thread Group 1-43
2017-12-01 11:12:34,336 INFO o.a.j.t.JMeterThread: Thread started: Thread Group 1-48
2017-12-01 11:12:34,336 INFO o.a.j.t.JMeterThread: Thread started: Thread Group 1-45
2017-12-01 11:12:34,336 INFO o.a.j.t.JMeterThread: Thread started: Thread Group 1-50
2017-12-01 11:12:34,336 INFO o.a.j.t.JMeterThread: Thread started: Thread Group 1-49
2017-12-01 11:12:34,337 INFO o.a.j.t.JMeterThread: Thread finished: Thread Group 1-46
2017-12-01 11:12:34,337 INFO o.a.j.t.JMeterThread: Thread finished: Thread Group 1-47
2017-12-01 11:12:34,337 INFO o.a.j.t.JMeterThread: Thread finished: Thread Group 1-44
2017-12-01 11:12:34,337 INFO o.a.j.t.JMeterThread: Thread finished: Thread Group 1-43
2017-12-01 11:12:34,337 INFO o.a.j.t.JMeterThread: Thread finished: Thread Group 1-49
2017-12-01 11:12:34,337 INFO o.a.j.t.JMeterThread: Thread finished: Thread Group 1-48
2017-12-01 11:12:34,337 INFO o.a.j.t.JMeterThread: Thread finished: Thread Group 1-45
2017-12-01 11:12:34,337 INFO o.a.j.t.JMeterThread: Thread finished: Thread Group 1-50
2017-12-01 11:12:34,338 INFO o.a.j.e.StandardJMeterEngine: Notifying test listeners of end of test
2017-12-01 11:12:34,338 INFO o.a.j.s.FileServer: Close: /Users/gnc6/Documents/control_tower_local/load_test/csv_files/csv_data.xlsx
2017-12-01 11:12:34,338 INFO o.a.j.g.u.JMeterMenuBar: setRunning(false, *local*)
